#
# There is insufficient memory for the Java Runtime Environment to continue.
# Native memory allocation (malloc) failed to allocate 1048576 bytes for AllocateHeap
# Possible reasons:
#   The system is out of physical RAM or swap space
#   The process is running with CompressedOops enabled, and the Java Heap may be blocking the growth of the native heap
# Possible solutions:
#   Reduce memory load on the system
#   Increase physical memory or swap space
#   Check if swap backing store is full
#   Decrease Java heap size (-Xmx/-Xms)
#   Decrease number of Java threads
#   Decrease Java thread stack sizes (-Xss)
#   Set larger code cache with -XX:ReservedCodeCacheSize=
#   JVM is running with Unscaled Compressed Oops mode in which the Java heap is
#     placed in the first 4GB address space. The Java Heap base address is the
#     maximum limit for the native heap growth. Please use -XX:HeapBaseMinAddress
#     to set the Java Heap base and to place the Java Heap above 4GB virtual address.
# This output file may be truncated or incomplete.
#
#  Out of Memory Error (./open/src/hotspot/share/memory/allocation.cpp:44), pid=12340, tid=15708
#
# JRE version:  (14.0.1+7) (build )
# Java VM: Java HotSpot(TM) 64-Bit Server VM (14.0.1+7, mixed mode, sharing, tiered, compressed oops, g1 gc, windows-amd64)
# No core dump will be written. Minidumps are not enabled by default on client versions of Windows
#

---------------  S U M M A R Y ------------

Command Line: -Dfile.encoding=Cp1252 bsee19020_Project.Eventmanager

Host: Intel(R) Core(TM) i5-1035G4 CPU @ 1.10GHz, 8 cores, 3G,  Windows 10 , 64 bit Build 19041 (10.0.19041.292)
Time: Sun Jul 19 04:59:12 2020 Pakistan Standard Time elapsed time: 0 seconds (0d 0h 0m 0s)

---------------  T H R E A D  ---------------

Current thread (0x0000019e20234800):  JavaThread "Unknown thread" [_thread_in_vm, id=15708, stack(0x0000009c0c700000,0x0000009c0c800000)]

Stack: [0x0000009c0c700000,0x0000009c0c800000]
Native frames: (J=compiled Java code, j=interpreted, Vv=VM code, C=native code)
V  [jvm.dll+0x5f840a]
V  [jvm.dll+0x741e4a]
V  [jvm.dll+0x7435ff]
V  [jvm.dll+0x743c43]
V  [jvm.dll+0x20d288]
V  [jvm.dll+0xa2b2f]
V  [jvm.dll+0x2a97f3]
V  [jvm.dll+0x2a1a3c]
V  [jvm.dll+0x71f718]
V  [jvm.dll+0x321c44]
V  [jvm.dll+0x700b0c]
V  [jvm.dll+0x392dff]
V  [jvm.dll+0x394e71]
C  [jli.dll+0x523b]
C  [ucrtbase.dll+0x21542]
C  [KERNEL32.DLL+0x16fd4]
C  [ntdll.dll+0x4cec1]


---------------  P R O C E S S  ---------------

Threads class SMR info:
_java_thread_list=0x00007ff8fc5d3078, length=0, elements={
}

Java Threads: ( => current thread )

Other Threads:
  0x0000019e20265000 GCTaskThread "GC Thread#0" [stack: 0x0000009c0c800000,0x0000009c0c900000] [id=14164]

[error occurred during error reporting (printing all threads), id 0xc0000005, EXCEPTION_ACCESS_VIOLATION (0xc0000005) at pc=0x00007ff8fbdfe220]

VM state:not at safepoint (not fully initialized)

VM Mutex/Monitor currently owned by a thread:  ([mutex/lock_event])
[0x0000019e202307f0] Heap_lock - owner thread: 0x0000019e20234800

Heap address: 0x00000000c3c00000, size: 964 MB, Compressed Oops mode: 32-bit
Narrow klass base: 0x0000000000000000, Narrow klass shift: 0

GC Heap History (0 events):
No events

Deoptimization events (0 events):
No events

Classes unloaded (0 events):
No events

Classes redefined (0 events):
No events

Internal exceptions (0 events):
No events

Events (2 events):
Event: 0.011 Loaded shared library C:\Program Files\Java\jdk-14.0.1\bin\java.dll
Event: 0.011 Loaded shared library C:\Program Files\Java\jdk-14.0.1\bin\zip.dll


Dynamic libraries:
0x00007ff6f8600000 - 0x00007ff6f860f000 	C:\Program Files\Java\jdk-14.0.1\bin\javaw.exe
0x00007ff947b50000 - 0x00007ff947d44000 	C:\WINDOWS\SYSTEM32\ntdll.dll
0x00007ff945e10000 - 0x00007ff945ecd000 	C:\WINDOWS\System32\KERNEL32.DLL
0x00007ff9454b0000 - 0x00007ff945777000 	C:\WINDOWS\System32\KERNELBASE.dll
0x00007ff9452a0000 - 0x00007ff9453a0000 	C:\WINDOWS\System32\ucrtbase.dll
0x00007ff9317c0000 - 0x00007ff9317d5000 	C:\Program Files\Java\jdk-14.0.1\bin\VCRUNTIME140.dll
0x00007ff9317e0000 - 0x00007ff9317f8000 	C:\Program Files\Java\jdk-14.0.1\bin\jli.dll
0x00007ff945c80000 - 0x00007ff945d2a000 	C:\WINDOWS\System32\ADVAPI32.dll
0x00007ff946050000 - 0x00007ff9460ee000 	C:\WINDOWS\System32\msvcrt.dll
0x00007ff946180000 - 0x00007ff94621b000 	C:\WINDOWS\System32\sechost.dll
0x00007ff946650000 - 0x00007ff946773000 	C:\WINDOWS\System32\RPCRT4.dll
0x00007ff946fc0000 - 0x00007ff947160000 	C:\WINDOWS\System32\USER32.dll
0x00007ff92af30000 - 0x00007ff92b1ca000 	C:\WINDOWS\WinSxS\amd64_microsoft.windows.common-controls_6595b64144ccf1df_6.0.19041.1_none_b555e41d4684ddec\COMCTL32.dll
0x00007ff945a90000 - 0x00007ff945ab2000 	C:\WINDOWS\System32\win32u.dll
0x00007ff945bc0000 - 0x00007ff945bea000 	C:\WINDOWS\System32\GDI32.dll
0x00007ff945780000 - 0x00007ff94588a000 	C:\WINDOWS\System32\gdi32full.dll
0x00007ff9459f0000 - 0x00007ff945a8d000 	C:\WINDOWS\System32\msvcp_win.dll
0x00007ff93f5e0000 - 0x00007ff93f5ea000 	C:\WINDOWS\SYSTEM32\VERSION.dll
0x00007ff947ad0000 - 0x00007ff947b00000 	C:\WINDOWS\System32\IMM32.DLL
0x00007ff914d70000 - 0x00007ff914e0b000 	C:\Program Files\Java\jdk-14.0.1\bin\msvcp140.dll
0x00007ff8fbb50000 - 0x00007ff8fc66e000 	C:\Program Files\Java\jdk-14.0.1\bin\server\jvm.dll
0x00007ff947b00000 - 0x00007ff947b08000 	C:\WINDOWS\System32\PSAPI.DLL
0x00007ff93fc50000 - 0x00007ff93fc59000 	C:\WINDOWS\SYSTEM32\WSOCK32.dll
0x00007ff92e0f0000 - 0x00007ff92e117000 	C:\WINDOWS\SYSTEM32\WINMM.dll
0x00007ff9465e0000 - 0x00007ff94664b000 	C:\WINDOWS\System32\WS2_32.dll
0x00007ff943bc0000 - 0x00007ff943bd3000 	C:\WINDOWS\SYSTEM32\kernel.appcore.dll
0x00007ff9253f0000 - 0x00007ff9253fa000 	C:\Program Files\Java\jdk-14.0.1\bin\jimage.dll
0x00007ff943890000 - 0x00007ff943a74000 	C:\WINDOWS\SYSTEM32\DBGHELP.DLL
0x00007ff929630000 - 0x00007ff92965c000 	C:\WINDOWS\SYSTEM32\dbgcore.DLL
0x00007ff9453d0000 - 0x00007ff94544f000 	C:\WINDOWS\System32\bcryptPrimitives.dll
0x00007ff907fd0000 - 0x00007ff907ff5000 	C:\Program Files\Java\jdk-14.0.1\bin\java.dll
0x00007ff907490000 - 0x00007ff9074a6000 	C:\Program Files\Java\jdk-14.0.1\bin\zip.dll

dbghelp: loaded successfully - version: 4.0.5 - missing functions: none
symbol engine: initialized successfully - sym options: 0x614 - pdb path: .;C:\Program Files\Java\jdk-14.0.1\bin;C:\WINDOWS\SYSTEM32;C:\WINDOWS\WinSxS\amd64_microsoft.windows.common-controls_6595b64144ccf1df_6.0.19041.1_none_b555e41d4684ddec;C:\Program Files\Java\jdk-14.0.1\bin\server

VM Arguments:
jvm_args: -Dfile.encoding=Cp1252 
java_command: bsee19020_Project.Eventmanager
java_class_path (initial): C:\Users\Hammad\eclipse-workspace\bsee19020_Project\bin
Launcher Type: SUN_STANDARD

[Global flags]
     intx CICompilerCount                          = 4                                         {product} {ergonomic}
     uint ConcGCThreads                            = 2                                         {product} {ergonomic}
     uint G1ConcRefinementThreads                  = 8                                         {product} {ergonomic}
   size_t G1HeapRegionSize                         = 1048576                                   {product} {ergonomic}
    uintx GCDrainStackTargetSize                   = 64                                        {product} {ergonomic}
   size_t InitialHeapSize                          = 65011712                                  {product} {ergonomic}
   size_t MarkStackSize                            = 4194304                                   {product} {ergonomic}
   size_t MaxHeapSize                              = 1010827264                                {product} {ergonomic}
   size_t MinHeapDeltaBytes                        = 1048576                                   {product} {ergonomic}
   size_t MinHeapSize                              = 8388608                                   {product} {ergonomic}
    uintx NonNMethodCodeHeapSize                   = 5839372                                {pd product} {ergonomic}
    uintx NonProfiledCodeHeapSize                  = 122909434                              {pd product} {ergonomic}
    uintx ProfiledCodeHeapSize                     = 122909434                              {pd product} {ergonomic}
    uintx ReservedCodeCacheSize                    = 251658240                              {pd product} {ergonomic}
     bool SegmentedCodeCache                       = true                                      {product} {ergonomic}
   size_t SoftMaxHeapSize                          = 1010827264                             {manageable} {ergonomic}
     bool UseCompressedClassPointers               = true                                 {lp64_product} {ergonomic}
     bool UseCompressedOops                        = true                                 {lp64_product} {ergonomic}
     bool UseG1GC                                  = true                                      {product} {ergonomic}
     bool UseLargePagesIndividualAllocation        = false                                  {pd product} {ergonomic}

Logging:
Log output configuration:
 #0: stdout all=warning uptime,level,tags
 #1: stderr all=off uptime,level,tags

Environment Variables:
PATH=C:/Program Files/Java/jdk-14.0.1/bin/server;C:/Program Files/Java/jdk-14.0.1/bin;C:\Program Files (x86)\NVIDIA Corporation\PhysX\Common;C:\WINDOWS\system32;C:\WINDOWS;C:\WINDOWS\System32\Wbem;C:\WINDOWS\System32\WindowsPowerShell\v1.0\;C:\WINDOWS\System32\OpenSSH\;C:\Program Files (x86)\Windows Kits\8.1\Windows Performance Toolkit\;C:\Program Files\Polyspace\R2019a\runtime\win64;C:\Program Files\Polyspace\R2019a\bin;C:\Program Files\Polyspace\R2019a\polyspace\bin;C:\Program Files\Java\jdk-14.0.1\bin;C:\Program Files\dotnet\;C:\Program Files (x86)\Common Files \Oracle\Java\Javapath;C:\Users\Hammad\AppData\Local\Microsoft\WindowsApps;;C:\WINDOWS\system32;
USERNAME=Hammad
OS=Windows_NT
PROCESSOR_IDENTIFIER=Intel64 Family 6 Model 126 Stepping 5, GenuineIntel



---------------  S Y S T E M  ---------------

OS: Windows 10 , 64 bit Build 19041 (10.0.19041.292)
OS uptime: 0 days 12:20 hours
HyperV virtualization detected

CPU:total 8 (initial active 8) (4 cores per cpu, 2 threads per core) family 6 model 126 stepping 5, cmov, cx8, fxsr, mmx, sse, sse2, sse3, ssse3, sse4.1, sse4.2, popcnt, avx, avx2, aes, clmul, erms, 3dnowpref, lzcnt, ht, tsc, tscinvbit, bmi1, bmi2, adx, evex, sha, fma

Memory: 4k page, system-wide physical 3849M (492M free)
TotalPageFile size 15625M (AvailPageFile size 5M)
current process WorkingSet (physical memory assigned to process): 9M, peak: 9M
current process commit charge ("private bytes"): 52M, peak: 53M

vm_info: Java HotSpot(TM) 64-Bit Server VM (14.0.1+7) for windows-amd64 JRE (14.0.1+7), built on Mar  5 2020 10:30:14 by "mach5one" with MS VC++ 15.9 (VS2017)

END.
